(0000) 3000  0011000000000000 (   1) ¸ /tô         .ORIG x3000
(3000) E035  1110000000110101 (   2)                 LEA   R0 frase
(3001) 4805  0100100000000101 (   3)                 JSR   MAIUSC_INI
(3002) E035  1110000000110101 (   4)                 LEA   R0 frase
(3003) F022  1111000000100010 (   5)                 TRAP  x22
(3004) F025  1111000000100101 (   7)                 TRAP  x25
(3005) 3231  0011001000110001 (  10) MAIUSC_INI      ST    R1 svr1
(3006) 3432  0011010000110010 (  11)                 ST    R2 svr2
(3007) 3633  0011011000110011 (  12)                 ST    R3 svr3
(3008) 3834  0011100000110100 (  13)                 ST    R4 svr4
(3009) 2461  0010010001100001 (  14)                 LD    R2 var1
(300A) 94BF  1001010010111111 (  15)                 NOT   R2 R2
(300B) 14A1  0001010010100001 (  16)                 ADD   R2 R2 #1
(300C) 6200  0110001000000000 (  17) ciclo           LDR   R1 R0 #0
(300D) 042C  0000010000101100 (  18)                 BRZ   fine
(300E) 1642  0001011001000010 (  19)                 ADD   R3 R1 R2
(300F) 0A12  0000101000010010 (  20)                 BRNP  tr_lett
(3010) 1021  0001000000100001 (  21)                 ADD   R0 R0 #1
(3011) 0E0C  0000111000001100 (  22)                 BRNZP ciclo
(3012) 2662  0010011001100010 (  26) tr_lett         LD    R3 var2
(3013) 1643  0001011001000011 (  27)                 ADD   R3 R1 R3
(3014) 0826  0000100000100110 (  28)                 BRN   scorri
(3015) 2663  0010011001100011 (  29)                 LD    R3 var3
(3016) 16C1  0001011011000001 (  30)                 ADD   R3 R3 R1
(3017) 0226  0000001000100110 (  31)                 BRP   scorri
(3018) 1242  0001001001000010 (  32)                 ADD   R1 R1 R2
(3019) 7200  0111001000000000 (  33)                 STR   R1 R0 #0
(301A) 0E26  0000111000100110 (  34)                 BRNZP scorri
(301B) 1021  0001000000100001 (  36) tr_lett2        ADD   R0 R0 #1
(301C) 6200  0110001000000000 (  37)                 LDR   R1 R0 #0
(301D) 2662  0010011001100010 (  38)                 LD    R3 var2
(301E) 1643  0001011001000011 (  39)                 ADD   R3 R1 R3
(301F) 0826  0000100000100110 (  40)                 BRN   scorri
(3020) 2663  0010011001100011 (  41)                 LD    R3 var3
(3021) 16C1  0001011011000001 (  42)                 ADD   R3 R3 R1
(3022) 0226  0000001000100110 (  43)                 BRP   scorri
(3023) 1242  0001001001000010 (  45)                 ADD   R1 R1 R2
(3024) 7200  0111001000000000 (  46)                 STR   R1 R0 #0
(3025) 0E26  0000111000100110 (  47)                 BRNZP scorri
(3026) 1021  0001000000100001 (  51) scorri          ADD   R0 R0 #1
(3027) 6200  0110001000000000 (  52)                 LDR   R1 R0 #0
(3028) 042C  0000010000101100 (  53)                 BRZ   fine
(3029) 1642  0001011001000010 (  54)                 ADD   R3 R1 R2
(302A) 041B  0000010000011011 (  55)                 BRZ   tr_lett2
(302B) 0E26  0000111000100110 (  56)                 BRNZP scorri
(302C) 2231  0010001000110001 (  59) fine            LD    R1 svr1
(302D) 2232  0010001000110010 (  60)                 LD    R1 svr2
(302E) 2633  0010011000110011 (  61)                 LD    R3 svr3
(302F) 2834  0010100000110100 (  62)                 LD    R4 svr4
(3030) D000  1101000000000000 (  63)                 RET   
(3031) 0000  0000000000000000 (  69) svr1            .FILL x0000
(3032) 0000  0000000000000000 (  70) svr2            .FILL x0000
(3033) 0000  0000000000000000 (  71) svr3            .FILL x0000
(3034) 0000  0000000000000000 (  72) svr4            .FILL x0000
(3035) 0020  0000000000100000 (  72) frase           .FILL x0020
(3036) 0020  0000000000100000 (  72)                 .FILL x0020
(3037) 0020  0000000000100000 (  72)                 .FILL x0020
(3038) 0061  0000000001100001 (  72)                 .FILL x0061
(3039) 0020  0000000000100000 (  72)                 .FILL x0020
(303A) 0063  0000000001100011 (  72)                 .FILL x0063
(303B) 0069  0000000001101001 (  72)                 .FILL x0069
(303C) 0061  0000000001100001 (  72)                 .FILL x0061
(303D) 006F  0000000001101111 (  72)                 .FILL x006F
(303E) 0020  0000000000100000 (  72)                 .FILL x0020
(303F) 006D  0000000001101101 (  72)                 .FILL x006D
(3040) 0061  0000000001100001 (  72)                 .FILL x0061
(3041) 006D  0000000001101101 (  72)                 .FILL x006D
(3042) 006D  0000000001101101 (  72)                 .FILL x006D
(3043) 0061  0000000001100001 (  72)                 .FILL x0061
(3044) 0020  0000000000100000 (  72)                 .FILL x0020
(3045) 004C  0000000001001100 (  72)                 .FILL x004C
(3046) 0061  0000000001100001 (  72)                 .FILL x0061
(3047) 0064  0000000001100100 (  72)                 .FILL x0064
(3048) 0061  0000000001100001 (  72)                 .FILL x0061
(3049) 0073  0000000001110011 (  72)                 .FILL x0073
(304A) 0064  0000000001100100 (  72)                 .FILL x0064
(304B) 0061  0000000001100001 (  72)                 .FILL x0061
(304C) 0073  0000000001110011 (  72)                 .FILL x0073
(304D) 0064  0000000001100100 (  72)                 .FILL x0064
(304E) 0061  0000000001100001 (  72)                 .FILL x0061
(304F) 0073  0000000001110011 (  72)                 .FILL x0073
(3050) 0020  0000000000100000 (  72)                 .FILL x0020
(3051) 0063  0000000001100011 (  72)                 .FILL x0063
(3052) 0061  0000000001100001 (  72)                 .FILL x0061
(3053) 0064  0000000001100100 (  72)                 .FILL x0064
(3054) 0061  0000000001100001 (  72)                 .FILL x0061
(3055) 0073  0000000001110011 (  72)                 .FILL x0073
(3056) 0064  0000000001100100 (  72)                 .FILL x0064
(3057) 0061  0000000001100001 (  72)                 .FILL x0061
(3058) 0073  0000000001110011 (  72)                 .FILL x0073
(3059) 0064  0000000001100100 (  72)                 .FILL x0064
(305A) 0020  0000000000100000 (  72)                 .FILL x0020
(305B) 0034  0000000000110100 (  72)                 .FILL x0034
(305C) 0038  0000000000111000 (  72)                 .FILL x0038
(305D) 0037  0000000000110111 (  72)                 .FILL x0037
(305E) 0034  0000000000110100 (  72)                 .FILL x0034
(305F) 0033  0000000000110011 (  72)                 .FILL x0033
(3060) 0000  0000000000000000 (  72)                 .FILL x0000
(3061) 0020  0000000000100000 (  73) var1            .FILL x0020
(3062) FF9F  1111111110011111 (  74) var2            .FILL xFF9F
(3063) FF86  1111111110000110 (  75) var3            .FILL xFF86
