(0000) 3000  0011000000000000 (   1) XÞl             .ORIG x3000
(3000) 2011  0010000000010001 (   2)                 LD    R0 val1
(3001) E211  1110001000010001 (   3)                 LEA   R1 val1
(3002) 3212  0011001000010010 (   7)                 ST    R1 address_var1
(3003) A612  1010011000010010 (  11)                 LDI   R3 address_var1
(3004) E013  1110000000010011 (  14)                 LEA   R0 stringa
(3005) F022  1111000000100010 (  15)                 TRAP  x22
(3006) E013  1110000000010011 (  17)                 LEA   R0 stringa
(3007) 1021  0001000000100001 (  18)                 ADD   R0 R0 #1
(3008) F022  1111000000100010 (  19)                 TRAP  x22
(3009) 6400  0110010000000000 (  22)                 LDR   R2 R0 #0
(300A) 10A0  0001000010100000 (  24)                 ADD   R0 R2 #0
(300B) F021  1111000000100001 (  25)                 TRAP  x21
(300C) E013  1110000000010011 (  28)                 LEA   R0 stringa
(300D) 2219  0010001000011001 (  29)                 LD    R1 var
(300E) 7204  0111001000000100 (  30)                 STR   R1 R0 #4
(300F) F022  1111000000100010 (  31)                 TRAP  x22
(3010) F025  1111000000100101 (  32)                 TRAP  x25
(3011) 0002  0000000000000010 (  35) val1            .FILL x0002
(3012) 0000  0000000000000000 (  36) address_var1    .FILL x0000
(3013) 0043  0000000001000011 (  37) stringa         .FILL x0043
(3014) 0069  0000000001101001 (  37)                 .FILL x0069
(3015) 0061  0000000001100001 (  37)                 .FILL x0061
(3016) 006F  0000000001101111 (  37)                 .FILL x006F
(3017) 0021  0000000000100001 (  37)                 .FILL x0021
(3018) 0000  0000000000000000 (  37)                 .FILL x0000
(3019) 003F  0000000000111111 (  38) var             .FILL x003F
