(0000) 3000  0011000000000000 (   1) H•_             .ORIG x3000
(3000) E019  1110000000011001 (   2)                 LEA   R0 frase
(3001) 4805  0100100000000101 (   3)                 JSR   cambio
(3002) E019  1110000000011001 (   4)                 LEA   R0 frase
(3003) F022  1111000000100010 (   5)                 TRAP  x22
(3004) F025  1111000000100101 (   6)                 TRAP  x25
(3005) 6200  0110001000000000 (   8) cambio          LDR   R1 R0 #0
(3006) 0418  0000010000011000 (   9)                 BRZ   fineok
(3007) 243C  0010010000111100 (  10)                 LD    R2 max
(3008) 263D  0010011000111101 (  11)                 LD    R3 min
(3009) 2A3B  0010101000111011 (  12)                 LD    R5 val
(300A) 1860  0001100001100000 (  13)                 ADD   R4 R1 #0
(300B) 1902  0001100100000010 (  14)                 ADD   R4 R4 R2
(300C) 0610  0000011000010000 (  15)                 BRZP  controllo2
(300D) 080E  0000100000001110 (  16)                 BRN   avanti
(300E) 1021  0001000000100001 (  17) avanti          ADD   R0 R0 #1
(300F) 0E05  0000111000000101 (  18)                 BRNZP cambio
(3010) 1860  0001100001100000 (  19) controllo2      ADD   R4 R1 #0
(3011) 1903  0001100100000011 (  20)                 ADD   R4 R4 R3
(3012) 020E  0000001000001110 (  21)                 BRP   avanti
(3013) 0C14  0000110000010100 (  22)                 BRNZ  cambio1
(3014) 1245  0001001001000101 (  23) cambio1         ADD   R1 R1 R5
(3015) 7200  0111001000000000 (  24)                 STR   R1 R0 #0
(3016) 1021  0001000000100001 (  25)                 ADD   R0 R0 #1
(3017) 0E05  0000111000000101 (  26)                 BRNZP cambio
(3018) D000  1101000000000000 (  28) fineok          RET   
(3019) 0071  0000000001110001 (  33) frase           .FILL x0071
(301A) 0075  0000000001110101 (  33)                 .FILL x0075
(301B) 0065  0000000001100101 (  33)                 .FILL x0065
(301C) 0073  0000000001110011 (  33)                 .FILL x0073
(301D) 0074  0000000001110100 (  33)                 .FILL x0074
(301E) 006F  0000000001101111 (  33)                 .FILL x006F
(301F) 0020  0000000000100000 (  33)                 .FILL x0020
(3020) 0065  0000000001100101 (  33)                 .FILL x0065
(3021) 0027  0000000000100111 (  33)                 .FILL x0027
(3022) 0020  0000000000100000 (  33)                 .FILL x0020
(3023) 0075  0000000001110101 (  33)                 .FILL x0075
(3024) 006E  0000000001101110 (  33)                 .FILL x006E
(3025) 0020  0000000000100000 (  33)                 .FILL x0020
(3026) 0074  0000000001110100 (  33)                 .FILL x0074
(3027) 0065  0000000001100101 (  33)                 .FILL x0065
(3028) 0073  0000000001110011 (  33)                 .FILL x0073
(3029) 0074  0000000001110100 (  33)                 .FILL x0074
(302A) 006F  0000000001101111 (  33)                 .FILL x006F
(302B) 0020  0000000000100000 (  33)                 .FILL x0020
(302C) 0073  0000000001110011 (  33)                 .FILL x0073
(302D) 0063  0000000001100011 (  33)                 .FILL x0063
(302E) 0072  0000000001110010 (  33)                 .FILL x0072
(302F) 0069  0000000001101001 (  33)                 .FILL x0069
(3030) 0074  0000000001110100 (  33)                 .FILL x0074
(3031) 0074  0000000001110100 (  33)                 .FILL x0074
(3032) 006F  0000000001101111 (  33)                 .FILL x006F
(3033) 0020  0000000000100000 (  33)                 .FILL x0020
(3034) 0067  0000000001100111 (  33)                 .FILL x0067
(3035) 0072  0000000001110010 (  33)                 .FILL x0072
(3036) 0061  0000000001100001 (  33)                 .FILL x0061
(3037) 006E  0000000001101110 (  33)                 .FILL x006E
(3038) 0064  0000000001100100 (  33)                 .FILL x0064
(3039) 0065  0000000001100101 (  33)                 .FILL x0065
(303A) 0000  0000000000000000 (  33)                 .FILL x0000
(303B) FFE0  1111111111100000 (  34) val             .FILL xFFE0
(303C) FF9F  1111111110011111 (  35) max             .FILL xFF9F
(303D) FF86  1111111110000110 (  36) min             .FILL xFF86
