(0000) 3000  0011000000000000 (   2) /c             .ORIG x3000
(3000) 223D  0010001000111101 (   3)                 LD    R1 var1
(3001) 243E  0010010000111110 (   4)                 LD    R2 var2
(3002) 4807  0100100000000111 (   5)                 JSR   somma
(3003) 480C  0100100000001100 (   6)                 JSR   moltiplicazione
(3004) 482C  0100100000101100 (   7)                 JSR   sottrazione
(3005) 4818  0100100000011000 (   8)                 JSR   divisione
(3006) F025  1111000000100101 (   9)                 TRAP  x25
(3007) 3634  0011011000110100 (  11) somma           ST    R3 vr3
(3008) 1642  0001011001000010 (  12)                 ADD   R3 R1 R2
(3009) 3638  0011011000111000 (  13)                 ST    R3 sm
(300A) 2634  0010011000110100 (  14)                 LD    R3 vr3
(300B) D000  1101000000000000 (  15)                 RET   
(300C) 3634  0011011000110100 (  18) moltiplicazione ST    R3 vr3
(300D) 3835  0011100000110101 (  19)                 ST    R4 vr4
(300E) 1660  0001011001100000 (  20)                 ADD   R3 R1 #0
(300F) 1860  0001100001100000 (  21)                 ADD   R4 R1 #0
(3010) 1902  0001100100000010 (  22) molt            ADD   R4 R4 R2
(3011) 16FF  0001011011111111 (  23)                 ADD   R3 R3 #-1
(3012) 0414  0000010000010100 (  24)                 BRZ   fine
(3013) 0E10  0000111000010000 (  25)                 BRNZP molt
(3014) 383C  0011100000111100 (  26) fine            ST    R4 mol
(3015) 2634  0010011000110100 (  27)                 LD    R3 vr3
(3016) 2835  0010100000110101 (  28)                 LD    R4 vr4
(3017) D000  1101000000000000 (  29)                 RET   
(3018) 3634  0011011000110100 (  32) divisione       ST    R3 vr3
(3019) 3835  0011100000110101 (  33)                 ST    R4 vr4
(301A) 3A36  0011101000110110 (  34)                 ST    R5 vr5
(301B) 5B60  0101101101100000 (  35)                 AND   R5 R5 #0
(301C) 16A0  0001011010100000 (  36)                 ADD   R3 R2 #0
(301D) 1860  0001100001100000 (  37)                 ADD   R4 R1 #0
(301E) 96FF  1001011011111111 (  38)                 NOT   R3 R3
(301F) 16E1  0001011011100001 (  39)                 ADD   R3 R3 #1
(3020) 1B61  0001101101100001 (  40) divi            ADD   R5 R5 #1
(3021) 1903  0001100100000011 (  41)                 ADD   R4 R4 R3
(3022) 0C24  0000110000100100 (  42)                 BRNZ  fine1
(3023) 0E20  0000111000100000 (  43)                 BRNZP divi
(3024) 993F  1001100100111111 (  45) fine1           NOT   R4 R4
(3025) 1921  0001100100100001 (  46)                 ADD   R4 R4 #1
(3026) 3A3A  0011101000111010 (  47)                 ST    R5 dv1
(3027) 383B  0011100000111011 (  48)                 ST    R4 dv2
(3028) 2634  0010011000110100 (  49)                 LD    R3 vr3
(3029) 2835  0010100000110101 (  50)                 LD    R4 vr4
(302A) 2A36  0010101000110110 (  51)                 LD    R5 vr5
(302B) D000  1101000000000000 (  52)                 RET   
(302C) 3634  0011011000110100 (  55) sottrazione     ST    R3 vr3
(302D) 3835  0011100000110101 (  56)                 ST    R4 vr4
(302E) 993F  1001100100111111 (  57)                 NOT   R4 R4
(302F) 1921  0001100100100001 (  58)                 ADD   R4 R4 #1
(3030) 1644  0001011001000100 (  59)                 ADD   R3 R1 R4
(3031) 3639  0011011000111001 (  60)                 ST    R3 sot
(3032) 2634  0010011000110100 (  61)                 LD    R3 vr3
(3033) D000  1101000000000000 (  62)                 RET   
(3034) 0000  0000000000000000 (  66) vr3             .FILL x0000
(3035) 0000  0000000000000000 (  67) vr4             .FILL x0000
(3036) 0000  0000000000000000 (  68) vr5             .FILL x0000
(3037) 0000  0000000000000000 (  69) vr6             .FILL x0000
(3038) 0000  0000000000000000 (  70) sm              .FILL x0000
(3039) 0000  0000000000000000 (  71) sot             .FILL x0000
(303A) 0000  0000000000000000 (  72) dv1             .FILL x0000
(303B) 0000  0000000000000000 (  73) dv2             .FILL x0000
(303C) 0000  0000000000000000 (  74) mol             .FILL x0000
(303D) 000A  0000000000001010 (  74) var1            .FILL x000A
(303E) 000F  0000000000001111 (  75) var2            .FILL x000F
