(0000) 3000  0011000000000000 (   1) ȏ]             .ORIG x3000
(3000) E0D3  1110000011010011 (   2)                 LEA   R0 frase
(3001) E23D  1110001000111101 (   3)                 LEA   R1 frase1
(3002) 4804  0100100000000100 (   4)                 JSR   ANNULLA_SPAZI
(3003) F025  1111000000100101 (   5)                 TRAP  x25
(3004) 3037  0011000000110111 (   9) ANNULLA_SPAZI   ST    R0 svr0
(3005) 3639  0011011000111001 (  10)                 ST    R3 svr3
(3006) 383A  0011100000111010 (  11)                 ST    R4 svr4
(3007) 3A3B  0011101000111011 (  12)                 ST    R5 svr5
(3008) 263C  0010011000111100 (  13)                 LD    R3 ct
(3009) 96FF  1001011011111111 (  14)                 NOT   R3 R3
(300A) 16E1  0001011011100001 (  15)                 ADD   R3 R3 #1
(300B) 54A0  0101010010100000 (  16)                 AND   R2 R2 #0
(300C) 6A00  0110101000000000 (  17)                 LDR   R5 R0 #0
(300D) 042B  0000010000101011 (  18)                 BRZ   fine
(300E) 1943  0001100101000011 (  19)                 ADD   R4 R5 R3
(300F) 0A11  0000101000010001 (  20)                 BRNP  trovato
(3010) 0E19  0000111000011001 (  21)                 BRNZP c_spaz
(3011) 7A40  0111101001000000 (  23) trovato         STR   R5 R1 #0
(3012) 1261  0001001001100001 (  24)                 ADD   R1 R1 #1
(3013) 1021  0001000000100001 (  25)                 ADD   R0 R0 #1
(3014) 6A00  0110101000000000 (  26)                 LDR   R5 R0 #0
(3015) 042B  0000010000101011 (  27)                 BRZ   fine
(3016) 1943  0001100101000011 (  28)                 ADD   R4 R5 R3
(3017) 0A11  0000101000010001 (  29)                 BRNP  trovato
(3018) 0E20  0000111000100000 (  30)                 BRNZP spazio1
(3019) 1021  0001000000100001 (  32) c_spaz          ADD   R0 R0 #1
(301A) 14A1  0001010010100001 (  33)                 ADD   R2 R2 #1
(301B) 6A00  0110101000000000 (  34)                 LDR   R5 R0 #0
(301C) 042B  0000010000101011 (  35)                 BRZ   fine
(301D) 1943  0001100101000011 (  36)                 ADD   R4 R5 R3
(301E) 0A11  0000101000010001 (  37)                 BRNP  trovato
(301F) 0E19  0000111000011001 (  38)                 BRNZP c_spaz
(3020) 7A40  0111101001000000 (  40) spazio1         STR   R5 R1 #0
(3021) 1261  0001001001100001 (  41)                 ADD   R1 R1 #1
(3022) 1021  0001000000100001 (  42)                 ADD   R0 R0 #1
(3023) 6A00  0110101000000000 (  43)                 LDR   R5 R0 #0
(3024) 0428  0000010000101000 (  44)                 BRZ   u_spaz
(3025) 1943  0001100101000011 (  45)                 ADD   R4 R5 R3
(3026) 0A11  0000101000010001 (  46)                 BRNP  trovato
(3027) 0E19  0000111000011001 (  47)                 BRNZP c_spaz
(3028) 14A1  0001010010100001 (  49) u_spaz          ADD   R2 R2 #1
(3029) 127F  0001001001111111 (  50)                 ADD   R1 R1 #-1
(302A) 0E2B  0000111000101011 (  51)                 BRNZP fine
(302B) 5B60  0101101101100000 (  56) fine            AND   R5 R5 #0
(302C) 7A40  0111101001000000 (  57)                 STR   R5 R1 #0
(302D) 3037  0011000000110111 (  58)                 ST    R0 svr0
(302E) 3237  0011001000110111 (  59)                 ST    R1 svr0
(302F) E03D  1110000000111101 (  60)                 LEA   R0 frase1
(3030) F022  1111000000100010 (  61)                 TRAP  x22
(3031) 2037  0010000000110111 (  62)                 LD    R0 svr0
(3032) 2238  0010001000111000 (  63)                 LD    R1 svr1
(3033) 2639  0010011000111001 (  64)                 LD    R3 svr3
(3034) 283A  0010100000111010 (  65)                 LD    R4 svr4
(3035) 2A3B  0010101000111011 (  66)                 LD    R5 svr5
(3036) D000  1101000000000000 (  67)                 RET   
(3037) 0000  0000000000000000 (  74) svr0            .FILL x0000
(3038) 0000  0000000000000000 (  75) svr1            .FILL x0000
(3039) 0000  0000000000000000 (  76) svr3            .FILL x0000
(303A) 0000  0000000000000000 (  77) svr4            .FILL x0000
(303B) 0000  0000000000000000 (  78) svr5            .FILL x0000
(303C) 0020  0000000000100000 (  78) ct              .FILL x0020
(303D) 0000  0000000000000000 (  80) frase1          .FILL x0000
(303E) 0000  0000000000000000 (  80)                 .FILL x0000
(303F) 0000  0000000000000000 (  80)                 .FILL x0000
(3040) 0000  0000000000000000 (  80)                 .FILL x0000
(3041) 0000  0000000000000000 (  80)                 .FILL x0000
(3042) 0000  0000000000000000 (  80)                 .FILL x0000
(3043) 0000  0000000000000000 (  80)                 .FILL x0000
(3044) 0000  0000000000000000 (  80)                 .FILL x0000
(3045) 0000  0000000000000000 (  80)                 .FILL x0000
(3046) 0000  0000000000000000 (  80)                 .FILL x0000
(3047) 0000  0000000000000000 (  80)                 .FILL x0000
(3048) 0000  0000000000000000 (  80)                 .FILL x0000
(3049) 0000  0000000000000000 (  80)                 .FILL x0000
(304A) 0000  0000000000000000 (  80)                 .FILL x0000
(304B) 0000  0000000000000000 (  80)                 .FILL x0000
(304C) 0000  0000000000000000 (  80)                 .FILL x0000
(304D) 0000  0000000000000000 (  80)                 .FILL x0000
(304E) 0000  0000000000000000 (  80)                 .FILL x0000
(304F) 0000  0000000000000000 (  80)                 .FILL x0000
(3050) 0000  0000000000000000 (  80)                 .FILL x0000
(3051) 0000  0000000000000000 (  80)                 .FILL x0000
(3052) 0000  0000000000000000 (  80)                 .FILL x0000
(3053) 0000  0000000000000000 (  80)                 .FILL x0000
(3054) 0000  0000000000000000 (  80)                 .FILL x0000
(3055) 0000  0000000000000000 (  80)                 .FILL x0000
(3056) 0000  0000000000000000 (  80)                 .FILL x0000
(3057) 0000  0000000000000000 (  80)                 .FILL x0000
(3058) 0000  0000000000000000 (  80)                 .FILL x0000
(3059) 0000  0000000000000000 (  80)                 .FILL x0000
(305A) 0000  0000000000000000 (  80)                 .FILL x0000
(305B) 0000  0000000000000000 (  80)                 .FILL x0000
(305C) 0000  0000000000000000 (  80)                 .FILL x0000
(305D) 0000  0000000000000000 (  80)                 .FILL x0000
(305E) 0000  0000000000000000 (  80)                 .FILL x0000
(305F) 0000  0000000000000000 (  80)                 .FILL x0000
(3060) 0000  0000000000000000 (  80)                 .FILL x0000
(3061) 0000  0000000000000000 (  80)                 .FILL x0000
(3062) 0000  0000000000000000 (  80)                 .FILL x0000
(3063) 0000  0000000000000000 (  80)                 .FILL x0000
(3064) 0000  0000000000000000 (  80)                 .FILL x0000
(3065) 0000  0000000000000000 (  80)                 .FILL x0000
(3066) 0000  0000000000000000 (  80)                 .FILL x0000
(3067) 0000  0000000000000000 (  80)                 .FILL x0000
(3068) 0000  0000000000000000 (  80)                 .FILL x0000
(3069) 0000  0000000000000000 (  80)                 .FILL x0000
(306A) 0000  0000000000000000 (  80)                 .FILL x0000
(306B) 0000  0000000000000000 (  80)                 .FILL x0000
(306C) 0000  0000000000000000 (  80)                 .FILL x0000
(306D) 0000  0000000000000000 (  80)                 .FILL x0000
(306E) 0000  0000000000000000 (  80)                 .FILL x0000
(306F) 0000  0000000000000000 (  80)                 .FILL x0000
(3070) 0000  0000000000000000 (  80)                 .FILL x0000
(3071) 0000  0000000000000000 (  80)                 .FILL x0000
(3072) 0000  0000000000000000 (  80)                 .FILL x0000
(3073) 0000  0000000000000000 (  80)                 .FILL x0000
(3074) 0000  0000000000000000 (  80)                 .FILL x0000
(3075) 0000  0000000000000000 (  80)                 .FILL x0000
(3076) 0000  0000000000000000 (  80)                 .FILL x0000
(3077) 0000  0000000000000000 (  80)                 .FILL x0000
(3078) 0000  0000000000000000 (  80)                 .FILL x0000
(3079) 0000  0000000000000000 (  80)                 .FILL x0000
(307A) 0000  0000000000000000 (  80)                 .FILL x0000
(307B) 0000  0000000000000000 (  80)                 .FILL x0000
(307C) 0000  0000000000000000 (  80)                 .FILL x0000
(307D) 0000  0000000000000000 (  80)                 .FILL x0000
(307E) 0000  0000000000000000 (  80)                 .FILL x0000
(307F) 0000  0000000000000000 (  80)                 .FILL x0000
(3080) 0000  0000000000000000 (  80)                 .FILL x0000
(3081) 0000  0000000000000000 (  80)                 .FILL x0000
(3082) 0000  0000000000000000 (  80)                 .FILL x0000
(3083) 0000  0000000000000000 (  80)                 .FILL x0000
(3084) 0000  0000000000000000 (  80)                 .FILL x0000
(3085) 0000  0000000000000000 (  80)                 .FILL x0000
(3086) 0000  0000000000000000 (  80)                 .FILL x0000
(3087) 0000  0000000000000000 (  80)                 .FILL x0000
(3088) 0000  0000000000000000 (  80)                 .FILL x0000
(3089) 0000  0000000000000000 (  80)                 .FILL x0000
(308A) 0000  0000000000000000 (  80)                 .FILL x0000
(308B) 0000  0000000000000000 (  80)                 .FILL x0000
(308C) 0000  0000000000000000 (  80)                 .FILL x0000
(308D) 0000  0000000000000000 (  80)                 .FILL x0000
(308E) 0000  0000000000000000 (  80)                 .FILL x0000
(308F) 0000  0000000000000000 (  80)                 .FILL x0000
(3090) 0000  0000000000000000 (  80)                 .FILL x0000
(3091) 0000  0000000000000000 (  80)                 .FILL x0000
(3092) 0000  0000000000000000 (  80)                 .FILL x0000
(3093) 0000  0000000000000000 (  80)                 .FILL x0000
(3094) 0000  0000000000000000 (  80)                 .FILL x0000
(3095) 0000  0000000000000000 (  80)                 .FILL x0000
(3096) 0000  0000000000000000 (  80)                 .FILL x0000
(3097) 0000  0000000000000000 (  80)                 .FILL x0000
(3098) 0000  0000000000000000 (  80)                 .FILL x0000
(3099) 0000  0000000000000000 (  80)                 .FILL x0000
(309A) 0000  0000000000000000 (  80)                 .FILL x0000
(309B) 0000  0000000000000000 (  80)                 .FILL x0000
(309C) 0000  0000000000000000 (  80)                 .FILL x0000
(309D) 0000  0000000000000000 (  80)                 .FILL x0000
(309E) 0000  0000000000000000 (  80)                 .FILL x0000
(309F) 0000  0000000000000000 (  80)                 .FILL x0000
(30A0) 0000  0000000000000000 (  80)                 .FILL x0000
(30A1) 0000  0000000000000000 (  80)                 .FILL x0000
(30A2) 0000  0000000000000000 (  80)                 .FILL x0000
(30A3) 0000  0000000000000000 (  80)                 .FILL x0000
(30A4) 0000  0000000000000000 (  80)                 .FILL x0000
(30A5) 0000  0000000000000000 (  80)                 .FILL x0000
(30A6) 0000  0000000000000000 (  80)                 .FILL x0000
(30A7) 0000  0000000000000000 (  80)                 .FILL x0000
(30A8) 0000  0000000000000000 (  80)                 .FILL x0000
(30A9) 0000  0000000000000000 (  80)                 .FILL x0000
(30AA) 0000  0000000000000000 (  80)                 .FILL x0000
(30AB) 0000  0000000000000000 (  80)                 .FILL x0000
(30AC) 0000  0000000000000000 (  80)                 .FILL x0000
(30AD) 0000  0000000000000000 (  80)                 .FILL x0000
(30AE) 0000  0000000000000000 (  80)                 .FILL x0000
(30AF) 0000  0000000000000000 (  80)                 .FILL x0000
(30B0) 0000  0000000000000000 (  80)                 .FILL x0000
(30B1) 0000  0000000000000000 (  80)                 .FILL x0000
(30B2) 0000  0000000000000000 (  80)                 .FILL x0000
(30B3) 0000  0000000000000000 (  80)                 .FILL x0000
(30B4) 0000  0000000000000000 (  80)                 .FILL x0000
(30B5) 0000  0000000000000000 (  80)                 .FILL x0000
(30B6) 0000  0000000000000000 (  80)                 .FILL x0000
(30B7) 0000  0000000000000000 (  80)                 .FILL x0000
(30B8) 0000  0000000000000000 (  80)                 .FILL x0000
(30B9) 0000  0000000000000000 (  80)                 .FILL x0000
(30BA) 0000  0000000000000000 (  80)                 .FILL x0000
(30BB) 0000  0000000000000000 (  80)                 .FILL x0000
(30BC) 0000  0000000000000000 (  80)                 .FILL x0000
(30BD) 0000  0000000000000000 (  80)                 .FILL x0000
(30BE) 0000  0000000000000000 (  80)                 .FILL x0000
(30BF) 0000  0000000000000000 (  80)                 .FILL x0000
(30C0) 0000  0000000000000000 (  80)                 .FILL x0000
(30C1) 0000  0000000000000000 (  80)                 .FILL x0000
(30C2) 0000  0000000000000000 (  80)                 .FILL x0000
(30C3) 0000  0000000000000000 (  80)                 .FILL x0000
(30C4) 0000  0000000000000000 (  80)                 .FILL x0000
(30C5) 0000  0000000000000000 (  80)                 .FILL x0000
(30C6) 0000  0000000000000000 (  80)                 .FILL x0000
(30C7) 0000  0000000000000000 (  80)                 .FILL x0000
(30C8) 0000  0000000000000000 (  80)                 .FILL x0000
(30C9) 0000  0000000000000000 (  80)                 .FILL x0000
(30CA) 0000  0000000000000000 (  80)                 .FILL x0000
(30CB) 0000  0000000000000000 (  80)                 .FILL x0000
(30CC) 0000  0000000000000000 (  80)                 .FILL x0000
(30CD) 0000  0000000000000000 (  80)                 .FILL x0000
(30CE) 0000  0000000000000000 (  80)                 .FILL x0000
(30CF) 0000  0000000000000000 (  80)                 .FILL x0000
(30D0) 0000  0000000000000000 (  80)                 .FILL x0000
(30D1) 0000  0000000000000000 (  80)                 .FILL x0000
(30D2) 0000  0000000000000000 (  80)                 .FILL x0000
(30D3) 0020  0000000000100000 (  80) frase           .FILL x0020
(30D4) 0075  0000000001110101 (  80)                 .FILL x0075
(30D5) 006E  0000000001101110 (  80)                 .FILL x006E
(30D6) 0020  0000000000100000 (  80)                 .FILL x0020
(30D7) 0065  0000000001100101 (  80)                 .FILL x0065
(30D8) 0073  0000000001110011 (  80)                 .FILL x0073
(30D9) 0065  0000000001100101 (  80)                 .FILL x0065
(30DA) 006D  0000000001101101 (  80)                 .FILL x006D
(30DB) 0070  0000000001110000 (  80)                 .FILL x0070
(30DC) 0069  0000000001101001 (  80)                 .FILL x0069
(30DD) 006F  0000000001101111 (  80)                 .FILL x006F
(30DE) 0020  0000000000100000 (  80)                 .FILL x0020
(30DF) 0064  0000000001100100 (  80)                 .FILL x0064
(30E0) 0069  0000000001101001 (  80)                 .FILL x0069
(30E1) 0020  0000000000100000 (  80)                 .FILL x0020
(30E2) 0070  0000000001110000 (  80)                 .FILL x0070
(30E3) 0061  0000000001100001 (  80)                 .FILL x0061
(30E4) 0072  0000000001110010 (  80)                 .FILL x0072
(30E5) 006F  0000000001101111 (  80)                 .FILL x006F
(30E6) 006C  0000000001101100 (  80)                 .FILL x006C
(30E7) 0065  0000000001100101 (  80)                 .FILL x0065
(30E8) 0020  0000000000100000 (  80)                 .FILL x0020
(30E9) 0063  0000000001100011 (  80)                 .FILL x0063
(30EA) 006F  0000000001101111 (  80)                 .FILL x006F
(30EB) 006E  0000000001101110 (  80)                 .FILL x006E
(30EC) 0020  0000000000100000 (  80)                 .FILL x0020
(30ED) 0073  0000000001110011 (  80)                 .FILL x0073
(30EE) 0070  0000000001110000 (  80)                 .FILL x0070
(30EF) 0061  0000000001100001 (  80)                 .FILL x0061
(30F0) 007A  0000000001111010 (  80)                 .FILL x007A
(30F1) 0069  0000000001101001 (  80)                 .FILL x0069
(30F2) 0020  0000000000100000 (  80)                 .FILL x0020
(30F3) 0064  0000000001100100 (  80)                 .FILL x0064
(30F4) 0073  0000000001110011 (  80)                 .FILL x0073
(30F5) 0061  0000000001100001 (  80)                 .FILL x0061
(30F6) 0064  0000000001100100 (  80)                 .FILL x0064
(30F7) 0061  0000000001100001 (  80)                 .FILL x0061
(30F8) 0073  0000000001110011 (  80)                 .FILL x0073
(30F9) 0064  0000000001100100 (  80)                 .FILL x0064
(30FA) 0061  0000000001100001 (  80)                 .FILL x0061
(30FB) 0073  0000000001110011 (  80)                 .FILL x0073
(30FC) 0064  0000000001100100 (  80)                 .FILL x0064
(30FD) 0061  0000000001100001 (  80)                 .FILL x0061
(30FE) 0073  0000000001110011 (  80)                 .FILL x0073
(30FF) 0064  0000000001100100 (  80)                 .FILL x0064
(3100) 0061  0000000001100001 (  80)                 .FILL x0061
(3101) 0073  0000000001110011 (  80)                 .FILL x0073
(3102) 0020  0000000000100000 (  80)                 .FILL x0020
(3103) 0020  0000000000100000 (  80)                 .FILL x0020
(3104) 0020  0000000000100000 (  80)                 .FILL x0020
(3105) 0020  0000000000100000 (  80)                 .FILL x0020
(3106) 0020  0000000000100000 (  80)                 .FILL x0020
(3107) 0064  0000000001100100 (  80)                 .FILL x0064
(3108) 0061  0000000001100001 (  80)                 .FILL x0061
(3109) 0073  0000000001110011 (  80)                 .FILL x0073
(310A) 0064  0000000001100100 (  80)                 .FILL x0064
(310B) 0061  0000000001100001 (  80)                 .FILL x0061
(310C) 0073  0000000001110011 (  80)                 .FILL x0073
(310D) 0064  0000000001100100 (  80)                 .FILL x0064
(310E) 0073  0000000001110011 (  80)                 .FILL x0073
(310F) 0061  0000000001100001 (  80)                 .FILL x0061
(3110) 0064  0000000001100100 (  80)                 .FILL x0064
(3111) 0061  0000000001100001 (  80)                 .FILL x0061
(3112) 0073  0000000001110011 (  80)                 .FILL x0073
(3113) 0020  0000000000100000 (  80)                 .FILL x0020
(3114) 0020  0000000000100000 (  80)                 .FILL x0020
(3115) 0073  0000000001110011 (  80)                 .FILL x0073
(3116) 0064  0000000001100100 (  80)                 .FILL x0064
(3117) 0061  0000000001100001 (  80)                 .FILL x0061
(3118) 0073  0000000001110011 (  80)                 .FILL x0073
(3119) 0064  0000000001100100 (  80)                 .FILL x0064
(311A) 0073  0000000001110011 (  80)                 .FILL x0073
(311B) 0064  0000000001100100 (  80)                 .FILL x0064
(311C) 0073  0000000001110011 (  80)                 .FILL x0073
(311D) 0061  0000000001100001 (  80)                 .FILL x0061
(311E) 0020  0000000000100000 (  80)                 .FILL x0020
(311F) 0020  0000000000100000 (  80)                 .FILL x0020
(3120) 0020  0000000000100000 (  80)                 .FILL x0020
(3121) 0020  0000000000100000 (  80)                 .FILL x0020
(3122) 0020  0000000000100000 (  80)                 .FILL x0020
(3123) 0020  0000000000100000 (  80)                 .FILL x0020
(3124) 0020  0000000000100000 (  80)                 .FILL x0020
(3125) 0020  0000000000100000 (  80)                 .FILL x0020
(3126) 0020  0000000000100000 (  80)                 .FILL x0020
(3127) 0020  0000000000100000 (  80)                 .FILL x0020
(3128) 0061  0000000001100001 (  80)                 .FILL x0061
(3129) 0073  0000000001110011 (  80)                 .FILL x0073
(312A) 0064  0000000001100100 (  80)                 .FILL x0064
(312B) 0061  0000000001100001 (  80)                 .FILL x0061
(312C) 0073  0000000001110011 (  80)                 .FILL x0073
(312D) 0064  0000000001100100 (  80)                 .FILL x0064
(312E) 0061  0000000001100001 (  80)                 .FILL x0061
(312F) 0073  0000000001110011 (  80)                 .FILL x0073
(3130) 0064  0000000001100100 (  80)                 .FILL x0064
(3131) 0061  0000000001100001 (  80)                 .FILL x0061
(3132) 0073  0000000001110011 (  80)                 .FILL x0073
(3133) 0064  0000000001100100 (  80)                 .FILL x0064
(3134) 0073  0000000001110011 (  80)                 .FILL x0073
(3135) 0061  0000000001100001 (  80)                 .FILL x0061
(3136) 0020  0000000000100000 (  80)                 .FILL x0020
(3137) 0020  0000000000100000 (  80)                 .FILL x0020
(3138) 0020  0000000000100000 (  80)                 .FILL x0020
(3139) 0020  0000000000100000 (  80)                 .FILL x0020
(313A) 0020  0000000000100000 (  80)                 .FILL x0020
(313B) 0000  0000000000000000 (  80)                 .FILL x0000
