(0000) 3000  0011000000000000 (   1) H5c             .ORIG x3000
(3000) E021  1110000000100001 (   2)                 LEA   R0 array
(3001) 2220  0010001000100000 (   3)                 LD    R1 var
(3002) 4804  0100100000000100 (   4)                 JSR   cerca_pos
(3003) F025  1111000000100101 (   5)                 TRAP  x25
(3004) 341E  0011010000011110 (   8) cerca_pos       ST    R2 svr2
(3005) 361D  0011011000011101 (   9)                 ST    R3 svr3
(3006) 381F  0011100000011111 (  10)                 ST    R4 svr4
(3007) 1860  0001100001100000 (  11)                 ADD   R4 R1 #0
(3008) 993F  1001100100111111 (  12)                 NOT   R4 R4
(3009) 1921  0001100100100001 (  13)                 ADD   R4 R4 #1
(300A) 56E0  0101011011100000 (  14)                 AND   R3 R3 #0
(300B) 6400  0110010000000000 (  15) ciclo           LDR   R2 R0 #0
(300C) 0417  0000010000010111 (  16)                 BRZ   nontrovato
(300D) 16E1  0001011011100001 (  17)                 ADD   R3 R3 #1
(300E) 1502  0001010100000010 (  18)                 ADD   R2 R4 R2
(300F) 0412  0000010000010010 (  19)                 BRZ   trovato
(3010) 1021  0001000000100001 (  20)                 ADD   R0 R0 #1
(3011) 0E0B  0000111000001011 (  21)                 BRNZP ciclo
(3012) 10E0  0001000011100000 (  23) trovato         ADD   R0 R3 #0
(3013) 241E  0010010000011110 (  24)                 LD    R2 svr2
(3014) 261D  0010011000011101 (  25)                 LD    R3 svr3
(3015) 281F  0010100000011111 (  26)                 LD    R4 svr4
(3016) D000  1101000000000000 (  27)                 RET   
(3017) 5020  0101000000100000 (  28) nontrovato      AND   R0 R0 #0
(3018) 241E  0010010000011110 (  29)                 LD    R2 svr2
(3019) 281F  0010100000011111 (  30)                 LD    R4 svr4
(301A) 261D  0010011000011101 (  31)                 LD    R3 svr3
(301B) D000  1101000000000000 (  32)                 RET   
(301C) 0000  0000000000000000 (  35) svr1            .FILL x0000
(301D) 0000  0000000000000000 (  36) svr3            .FILL x0000
(301E) 0000  0000000000000000 (  37) svr2            .FILL x0000
(301F) 0000  0000000000000000 (  38) svr4            .FILL x0000
(3020) 002C  0000000000101100 (  38) var             .FILL x002C
(3021) 000F  0000000000001111 (  39) array           .FILL x000F
(3022) 0020  0000000000100000 (  40)                 .FILL x0020
(3023) FFFD  1111111111111101 (  41)                 .FILL xFFFD
(3024) 002C  0000000000101100 (  42)                 .FILL x002C
