(0000) 3000  0011000000000000 (   1) XÞl             .ORIG x3000
(3000) 220D  0010001000001101 (   2)                 LD    R1 var1
(3001) 200E  0010000000001110 (   3)                 LD    R0 var2
(3002) 927F  1001001001111111 (   5)                 NOT   R1 R1
(3003) 1261  0001001001100001 (   6)                 ADD   R1 R1 #1
(3004) 1601  0001011000000001 (   7)                 ADD   R3 R0 R1
(3005) 0409  0000010000001001 (   8)                 BRZ   code1
(3006) E01D  1110000000011101 (   9)                 LEA   R0 stringa2
(3007) F022  1111000000100010 (  10)                 TRAP  x22
(3008) 0E0C  0000111000001100 (  12)                 BRNZP finese
(3009) E00F  1110000000001111 (  15) code1           LEA   R0 stringa1
(300A) F022  1111000000100010 (  16)                 TRAP  x22
(300B) 0E0C  0000111000001100 (  17)                 BRNZP finese
(300C) F025  1111000000100101 (  21) finese          TRAP  x25
(300D) 0004  0000000000000100 (  23) var1            .FILL x0004
(300E) 0004  0000000000000100 (  24) var2            .FILL x0004
(300F) 0076  0000000001110110 (  26) stringa1        .FILL x0076
(3010) 0061  0000000001100001 (  26)                 .FILL x0061
(3011) 006C  0000000001101100 (  26)                 .FILL x006C
(3012) 006F  0000000001101111 (  26)                 .FILL x006F
(3013) 0072  0000000001110010 (  26)                 .FILL x0072
(3014) 0069  0000000001101001 (  26)                 .FILL x0069
(3015) 0020  0000000000100000 (  26)                 .FILL x0020
(3016) 0075  0000000001110101 (  26)                 .FILL x0075
(3017) 0067  0000000001100111 (  26)                 .FILL x0067
(3018) 0075  0000000001110101 (  26)                 .FILL x0075
(3019) 0061  0000000001100001 (  26)                 .FILL x0061
(301A) 006C  0000000001101100 (  26)                 .FILL x006C
(301B) 0069  0000000001101001 (  26)                 .FILL x0069
(301C) 0000  0000000000000000 (  26)                 .FILL x0000
(301D) 0076  0000000001110110 (  27) stringa2        .FILL x0076
(301E) 0061  0000000001100001 (  27)                 .FILL x0061
(301F) 006C  0000000001101100 (  27)                 .FILL x006C
(3020) 006F  0000000001101111 (  27)                 .FILL x006F
(3021) 0072  0000000001110010 (  27)                 .FILL x0072
(3022) 0069  0000000001101001 (  27)                 .FILL x0069
(3023) 0020  0000000000100000 (  27)                 .FILL x0020
(3024) 0064  0000000001100100 (  27)                 .FILL x0064
(3025) 0069  0000000001101001 (  27)                 .FILL x0069
(3026) 0076  0000000001110110 (  27)                 .FILL x0076
(3027) 0065  0000000001100101 (  27)                 .FILL x0065
(3028) 0072  0000000001110010 (  27)                 .FILL x0072
(3029) 0073  0000000001110011 (  27)                 .FILL x0073
(302A) 0069  0000000001101001 (  27)                 .FILL x0069
(302B) 0000  0000000000000000 (  27)                 .FILL x0000
