(0000) 3000  0011000000000000 (   1) à'e             .ORIG x3000
(3000) E030  1110000000110000 (   2)                 LEA   R0 frase
(3001) 2243  0010001001000011 (   3)                 LD    R1 var1
(3002) 2444  0010010001000100 (   4)                 LD    R2 var2
(3003) 4805  0100100000000101 (   5)                 JSR   TROVA_COPPIA
(3004) F025  1111000000100101 (   7)                 TRAP  x25
(3005) 322B  0011001000101011 (  10) TROVA_COPPIA    ST    R1 svr1
(3006) 342C  0011010000101100 (  11)                 ST    R2 svr2
(3007) 362D  0011011000101101 (  12)                 ST    R3 svr3
(3008) 382E  0011100000101110 (  13)                 ST    R4 svr4
(3009) 3A2F  0011101000101111 (  14)                 ST    R5 svr5
(300A) 927F  1001001001111111 (  15)                 NOT   R1 R1
(300B) 1261  0001001001100001 (  16)                 ADD   R1 R1 #1
(300C) 94BF  1001010010111111 (  17)                 NOT   R2 R2
(300D) 14A1  0001010010100001 (  18)                 ADD   R2 R2 #1
(300E) 56E0  0101011011100000 (  19)                 AND   R3 R3 #0
(300F) 6800  0110100000000000 (  20) ciclo           LDR   R4 R0 #0
(3010) 0424  0000010000100100 (  21)                 BRZ   fine
(3011) 1B01  0001101100000001 (  22)                 ADD   R5 R4 R1
(3012) 0416  0000010000010110 (  23)                 BRZ   tr_pl
(3013) 1021  0001000000100001 (  24)                 ADD   R0 R0 #1
(3014) 16E1  0001011011100001 (  25)                 ADD   R3 R3 #1
(3015) 0E0F  0000111000001111 (  26)                 BRNZP ciclo
(3016) 16E1  0001011011100001 (  28) tr_pl           ADD   R3 R3 #1
(3017) 1021  0001000000100001 (  29)                 ADD   R0 R0 #1
(3018) 6800  0110100000000000 (  30)                 LDR   R4 R0 #0
(3019) 0424  0000010000100100 (  31)                 BRZ   fine
(301A) 1B02  0001101100000010 (  32)                 ADD   R5 R4 R2
(301B) 041D  0000010000011101 (  33)                 BRZ   trovato
(301C) 0E0F  0000111000001111 (  34)                 BRNZP ciclo
(301D) 10E0  0001000011100000 (  37) trovato         ADD   R0 R3 #0
(301E) 222B  0010001000101011 (  38)                 LD    R1 svr1
(301F) 242C  0010010000101100 (  39)                 LD    R2 svr2
(3020) 262D  0010011000101101 (  40)                 LD    R3 svr3
(3021) 282E  0010100000101110 (  41)                 LD    R4 svr4
(3022) 2A2F  0010101000101111 (  42)                 LD    R5 svr5
(3023) D000  1101000000000000 (  43)                 RET   
(3024) 5020  0101000000100000 (  45) fine            AND   R0 R0 #0
(3025) 222B  0010001000101011 (  46)                 LD    R1 svr1
(3026) 242C  0010010000101100 (  47)                 LD    R2 svr2
(3027) 262D  0010011000101101 (  48)                 LD    R3 svr3
(3028) 282E  0010100000101110 (  49)                 LD    R4 svr4
(3029) 2A2F  0010101000101111 (  50)                 LD    R5 svr5
(302A) D000  1101000000000000 (  51)                 RET   
(302B) 0000  0000000000000000 (  55) svr1            .FILL x0000
(302C) 0000  0000000000000000 (  56) svr2            .FILL x0000
(302D) 0000  0000000000000000 (  57) svr3            .FILL x0000
(302E) 0000  0000000000000000 (  58) svr4            .FILL x0000
(302F) 0000  0000000000000000 (  59) svr5            .FILL x0000
(3030) 0063  0000000001100011 (  59) frase           .FILL x0063
(3031) 0069  0000000001101001 (  59)                 .FILL x0069
(3032) 0061  0000000001100001 (  59)                 .FILL x0061
(3033) 006F  0000000001101111 (  59)                 .FILL x006F
(3034) 0020  0000000000100000 (  59)                 .FILL x0020
(3035) 0063  0000000001100011 (  59)                 .FILL x0063
(3036) 0061  0000000001100001 (  59)                 .FILL x0061
(3037) 006D  0000000001101101 (  59)                 .FILL x006D
(3038) 0063  0000000001100011 (  59)                 .FILL x0063
(3039) 0063  0000000001100011 (  59)                 .FILL x0063
(303A) 006D  0000000001101101 (  59)                 .FILL x006D
(303B) 0066  0000000001100110 (  59)                 .FILL x0066
(303C) 0064  0000000001100100 (  59)                 .FILL x0064
(303D) 0073  0000000001110011 (  59)                 .FILL x0073
(303E) 0073  0000000001110011 (  59)                 .FILL x0073
(303F) 0066  0000000001100110 (  59)                 .FILL x0066
(3040) 006D  0000000001101101 (  59)                 .FILL x006D
(3041) 0061  0000000001100001 (  59)                 .FILL x0061
(3042) 0000  0000000000000000 (  59)                 .FILL x0000
(3043) 006D  0000000001101101 (  60) var1            .FILL x006D
(3044) 0061  0000000001100001 (  61) var2            .FILL x0061
